
> vibe-generated-app@1.0.0 dev
> vite


  VITE v5.4.20  ready in 220 ms

  ➜  Local:   http://localhost:3000/
  ➜  Network: http://172.20.24.230:3000/
2:55:13 AM [vite] Pre-transform error: Failed to resolve import "axios" from "src/components/Auth.jsx". Does the file exist?
2:55:13 AM [vite] Pre-transform error: Failed to resolve import "axios" from "src/components/Dashboard.jsx". Does the file exist?
2:55:14 AM [vite] Internal server error: Failed to resolve import "axios" from "src/components/Dashboard.jsx". Does the file exist?
  Plugin: vite:import-analysis
  File: /home/workspace/src/components/Dashboard.jsx:2:18
  1  |  import { jsxDEV } from "react/jsx-dev-runtime";
  2  |  import React, { useEffect, useMemo, useState } from "react";
  3  |  import axios from "axios";
     |                     ^
  4  |  const API_BASE = import.meta.env.VITE_BACKEND_URL || "http://localhost:8000";
  5  |  const socialPalette = {
      at TransformPluginContext._formatError (file:///home/workspace/node_modules/vite/dist/node/chunks/dep-D_zLpgQd.js:49258:41)
      at TransformPluginContext.error (file:///home/workspace/node_modules/vite/dist/node/chunks/dep-D_zLpgQd.js:49253:16)
      at normalizeUrl (file:///home/workspace/node_modules/vite/dist/node/chunks/dep-D_zLpgQd.js:64306:23)
      at process.processTicksAndRejections (node:internal/process/task_queues:105:5)
      at async file:///home/workspace/node_modules/vite/dist/node/chunks/dep-D_zLpgQd.js:64438:39
      at async Promise.all (index 2)
      at async TransformPluginContext.transform (file:///home/workspace/node_modules/vite/dist/node/chunks/dep-D_zLpgQd.js:64365:7)
      at async PluginContainer.transform (file:///home/workspace/node_modules/vite/dist/node/chunks/dep-D_zLpgQd.js:49099:18)
      at async loadAndTransform (file:///home/workspace/node_modules/vite/dist/node/chunks/dep-D_zLpgQd.js:51977:27)
      at async viteTransformMiddleware (file:///home/workspace/node_modules/vite/dist/node/chunks/dep-D_zLpgQd.js:62105:24)
2:55:14 AM [vite] Internal server error: Failed to resolve import "axios" from "src/components/Auth.jsx". Does the file exist?
  Plugin: vite:import-analysis
  File: /home/workspace/src/components/Auth.jsx:2:18
  1  |  import { jsxDEV } from "react/jsx-dev-runtime";
  2  |  import React, { useState } from "react";
  3  |  import axios from "axios";
     |                     ^
  4  |  const API_BASE = import.meta.env.VITE_BACKEND_URL || "http://localhost:8000";
  5  |  export default function Auth({ onAuth }) {
      at TransformPluginContext._formatError (file:///home/workspace/node_modules/vite/dist/node/chunks/dep-D_zLpgQd.js:49258:41)
      at TransformPluginContext.error (file:///home/workspace/node_modules/vite/dist/node/chunks/dep-D_zLpgQd.js:49253:16)
      at normalizeUrl (file:///home/workspace/node_modules/vite/dist/node/chunks/dep-D_zLpgQd.js:64306:23)
      at process.processTicksAndRejections (node:internal/process/task_queues:105:5)
      at async file:///home/workspace/node_modules/vite/dist/node/chunks/dep-D_zLpgQd.js:64438:39
      at async Promise.all (index 2)
      at async TransformPluginContext.transform (file:///home/workspace/node_modules/vite/dist/node/chunks/dep-D_zLpgQd.js:64365:7)
      at async PluginContainer.transform (file:///home/workspace/node_modules/vite/dist/node/chunks/dep-D_zLpgQd.js:49099:18)
      at async loadAndTransform (file:///home/workspace/node_modules/vite/dist/node/chunks/dep-D_zLpgQd.js:51977:27)
      at async viteTransformMiddleware (file:///home/workspace/node_modules/vite/dist/node/chunks/dep-D_zLpgQd.js:62105:24)
